-----BEGIN OPENSSH PRIVATE KEY-----
b3BlbnNzaC1rZXktdjEAAAAABG5vbmUAAAAEbm9uZQAAAAAAAAABAAABlwAAAAdzc2gtcn
NhAAAAAwEAAQAAAYEA+GkfRwu6b++99liwkP6GSqcz5tUJFf1Ru1eBMD3GN5daPgraVJ5B
kubG2yx6VKJekw6nLwGcy6ZBRz3vIBx+gMa393YQYpCi6QSpq91yaXQ+dB2sFA+FQAEZcA
N8DaMdbSOK8FD08bOJVHuivKRRBPPB+bmpQibxfrUxUgJuXQ3iq2e7lOmn53xO5Oq02vLr
/p4qFzfpPSTuh5gUYc5YOhfpQPNrNwtRFR+cnzyBeEf/PL3kf/DDmgAqj5nMMiPJdCmv06
BT0suo6TgSUfFJU3cOBTMgpJ2Gf0V2U5fNGT9a5+Ks7ss3sGiEP8aaRag9CZfHkMDMVyh1
cCfJix9ErLb7IH0fftSVOy6fIpiYp+iqXslZ2cILhRC7trKCN0QudAU92xnSZTDMAyrKGC
f5yF6+Mzk7ajv1FKgMTnNULSKHN78RDSLW6hwq3/XsjQYsNu8QMSD9bDeifQY1Erk5GHc4
nYbrATg8nzsWVt2DT0KzHBUBFBn1Mklvnd98vM31AAAFgF4IyV5eCMleAAAAB3NzaC1yc2
EAAAGBAPhpH0cLum/vvfZYsJD+hkqnM+bVCRX9UbtXgTA9xjeXWj4K2lSeQZLmxtsselSi
XpMOpy8BnMumQUc97yAcfoDGt/d2EGKQoukEqavdcml0PnQdrBQPhUABGXADfA2jHW0jiv
BQ9PGziVR7orykUQTzwfm5qUIm8X61MVICbl0N4qtnu5Tpp+d8TuTqtNry6/6eKhc36T0k
7oeYFGHOWDoX6UDzazcLURUfnJ88gXhH/zy95H/ww5oAKo+ZzDIjyXQpr9OgU9LLqOk4El
HxSVN3DgUzIKSdhn9FdlOXzRk/WufirO7LN7BohD/GmkWoPQmXx5DAzFcodXAnyYsfRKy2
+yB9H37UlTsunyKYmKfoql7JWdnCC4UQu7aygjdELnQFPdsZ0mUwzAMqyhgn+chevjM5O2
o79RSoDE5zVC0ihze/EQ0i1uocKt/17I0GLDbvEDEg/Ww3on0GNRK5ORh3OJ2G6wE4PJ87
Flbdg09CsxwVARQZ9TJJb53ffLzN9QAAAAMBAAEAAAGAAi653zv5x4+mmkDz3VugsHmQlF
hfgVThnUtfIlNrvbvVVAVwfKmL+fHBz3gKnwL2ADLQkIm/xY4vzmVP1edqL6g+IzNW8Fft
kECASNZg2+/YKFX9hp2k4P5mKXM/Kv+BWYLDgaUel6v6ZGwFLSK73aTubf/x1xlkAX8J85
oE/QskVZ5eCt2Uoh/vbNVqGfUZNkt75L++qrfvLdgMURzwwt5keV9fNRjkjUk0KHE40fyM
1HdOD+nmyu5SthbqRugPbFVHcEbCYmXOlW/nQ5SFn2ML2bW62Bpyogmh1mD2Djy8tknmoH
alzWzn9e8ulI8xj3bgoqTCXu4ZAfNaHLXGT39cRgPrR/4Smk8ByvrsOwiOYFVm9GAfU6J+
NV0YBD3n71vKkETsDpd1620c6Soh422EwvmYFahECxLoY2sMLm3lg2rctHW4CNO0uY4vSS
amnJFUG4t+Oa00DKJdfQG1WCsQx7cfoX6URv7IYRwL9h/pXewROKxvzB/1oKzqelyhAAAA
wFEwjcFv9vB2SZGON/5BDSfNwcdWyU7U+dpj/31xarVNrcR9hUrJ7xoMJaCxHRmfqNkCaU
hXIxtVxNPv17Q0Z96G8OW7JzCgXQAGAtlzY9p29TKGE2cFeuoUKdEpLLr5IbYrh3PTjHYF
newNGqbOJAP+q/lDzea3C8K10/aEdYMKdNINAarD9J4W4HnqGln1OCrdpWNbHE8TDJCc1Z
wMEL/4DmwmUP07RWHE5h7C2KfvRae2+N+gRuMLAVVZCpsFwAAAAMEA/ZxWo9VSXRzhfeiW
SplkdQ82RTPIAQeu8z1utzbRDl23dvWcyHMpFCqCfWZ9FWO4wmxteFXbYU0TrKxHfqtypJ
GUTvjtlaeU7VeGJ2+rk6WNsEbe9ybkda+0S9OmgOkH6HHGGpvm61dA1NnRAE5SHfLG+pYN
VxQFgIQ5R+pCwdkMIUfLi8t0BTsMPrYvkrfUJ0HMVOLH/jgUdOqgHvc6Hp6f0tGSdruGaf
QcWmc2zEverU1gL5HCwBEC1grRm5mvAAAAwQD6wD3+MTqiXF0Yh4RelEIJIulqGynjxR5s
SwNa8H5DlsNSOdIGw54bKwr+RG3DsRiydU46dFYegg6Mc/no72XaP+s9AEdViDyDQbY+Sj
34t1Z+2idr/r6A/lrvWEJDunQwODguMwoZHu72JFH/SqJq7Ig4wt8eMOVVBLQE68tcvlDG
1fLJZOqcV2he5IllfhNP5gvokMnnObv5HF+IdTe+adQxoxJup8a6YTFhd4OscaJMyWW0Cf
CGzTQGHUOyj5sAAAAJcm9vdEBrYWxpAQI=
-----END OPENSSH PRIVATE KEY-----

-----BEGIN OPENSSH PRIVATE KEY-----
b3BlbnNzaC1rZXktdjEAAAAABG5vbmUAAAAEbm9uZQAAAAAAAAABAAAAaAAAABNlY2RzYS
1zaGEyLW5pc3RwMjU2AAAACG5pc3RwMjU2AAAAQQTZZgOL2CglSM37kUXD1gPbuyPxCGYN
t7IdmSnEmqUvQKxH+jRfnL/WSZbLaHp+vADnn01OURVvlD9Y7poZC9eAAAAAqH2Z+FJ9mf
hSAAAAE2VjZHNhLXNoYTItbmlzdHAyNTYAAAAIbmlzdHAyNTYAAABBBNlmA4vYKCVIzfuR
RcPWA9u7I/EIZg23sh2ZKcSapS9ArEf6NF+cv9ZJlstoen68AOefTU5RFW+UP1jumhkL14
AAAAAgCutfNRQDydvP0NUf5YgTGkKYE6uim5R12cMYkBnTzTMAAAAJcm9vdEBrYWxpAQID
BAUGBw==
-----END OPENSSH PRIVATE KEY-----

-----BEGIN OPENSSH PRIVATE KEY-----
b3BlbnNzaC1rZXktdjEAAAAABG5vbmUAAAAEbm9uZQAAAAAAAAABAAAAMwAAAAtzc2gtZW
QyNTUxOQAAACBYB/79VfRQzVO9gROP2Rr6hq2S2ENO/PdlWWd/eKSFcAAAAJBJq2VWSatl
VgAAAAtzc2gtZWQyNTUxOQAAACBYB/79VfRQzVO9gROP2Rr6hq2S2ENO/PdlWWd/eKSFcA
AAAEC9J2tdrnL6pwj8vu8+6rcC4H2a8QJeGvocmsuwvSc43VgH/v1V9FDNU72BE4/ZGvqG
rZLYQ07892VZZ394pIVwAAAACXJvb3RAa2FsaQECAwQ=
-----END OPENSSH PRIVATE KEY-----

-----BEGIN OPENSSH PRIVATE KEY-----
b3BlbnNzaC1rZXktdjEAAAAABG5vbmUAAAAEbm9uZQAAAAAAAAABAAABlwAAAAdzc2gtcn
NhAAAAAwEAAQAAAYEA+GkfRwu6b++99liwkP6GSqcz5tUJFf1Ru1eBMD3GN5daPgraVJ5B
kubG2yx6VKJekw6nLwGcy6ZBRz3vIBx+gMa393YQYpCi6QSpq91yaXQ+dB2sFA+FQAEZcA
N8DaMdbSOK8FD08bOJVHuivKRRBPPB+bmpQibxfrUxUgJuXQ3iq2e7lOmn53xO5Oq02vLr
/p4qFzfpPSTuh5gUYc5YOhfpQPNrNwtRFR+cnzyBeEf/PL3kf/DDmgAqj5nMMiPJdCmv06
BT0suo6TgSUfFJU3cOBTMgpJ2Gf0V2U5fNGT9a5+Ks7ss3sGiEP8aaRag9CZfHkMDMVyh1
cCfJix9ErLb7IH0fftSVOy6fIpiYp+iqXslZ2cILhRC7trKCN0QudAU92xnSZTDMAyrKGC
f5yF6+Mzk7ajv1FKgMTnNULSKHN78RDSLW6hwq3/XsjQYsNu8QMSD9bDeifQY1Erk5GHc4
nYbrATg8nzsWVt2DT0KzHBUBFBn1Mklvnd98vM31AAAFgF4IyV5eCMleAAAAB3NzaC1yc2
EAAAGBAPhpH0cLum/vvfZYsJD+hkqnM+bVCRX9UbtXgTA9xjeXWj4K2lSeQZLmxtsselSi
XpMOpy8BnMumQUc97yAcfoDGt/d2EGKQoukEqavdcml0PnQdrBQPhUABGXADfA2jHW0jiv
BQ9PGziVR7orykUQTzwfm5qUIm8X61MVICbl0N4qtnu5Tpp+d8TuTqtNry6/6eKhc36T0k
7oeYFGHOWDoX6UDzazcLURUfnJ88gXhH/zy95H/ww5oAKo+ZzDIjyXQpr9OgU9LLqOk4El
HxSVN3DgUzIKSdhn9FdlOXzRk/WufirO7LN7BohD/GmkWoPQmXx5DAzFcodXAnyYsfRKy2
+yB9H37UlTsunyKYmKfoql7JWdnCC4UQu7aygjdELnQFPdsZ0mUwzAMqyhgn+chevjM5O2
o79RSoDE5zVC0ihze/EQ0i1uocKt/17I0GLDbvEDEg/Ww3on0GNRK5ORh3OJ2G6wE4PJ87
Flbdg09CsxwVARQZ9TJJb53ffLzN9QAAAAMBAAEAAAGAAi653zv5x4+mmkDz3VugsHmQlF
hfgVThnUtfIlNrvbvVVAVwfKmL+fHBz3gKnwL2ADLQkIm/xY4vzmVP1edqL6g+IzNW8Fft
kECASNZg2+/YKFX9hp2k4P5mKXM/Kv+BWYLDgaUel6v6ZGwFLSK73aTubf/x1xlkAX8J85
oE/QskVZ5eCt2Uoh/vbNVqGfUZNkt75L++qrfvLdgMURzwwt5keV9fNRjkjUk0KHE40fyM
1HdOD+nmyu5SthbqRugPbFVHcEbCYmXOlW/nQ5SFn2ML2bW62Bpyogmh1mD2Djy8tknmoH
alzWzn9e8ulI8xj3bgoqTCXu4ZAfNaHLXGT39cRgPrR/4Smk8ByvrsOwiOYFVm9GAfU6J+
NV0YBD3n71vKkETsDpd1620c6Soh422EwvmYFahECxLoY2sMLm3lg2rctHW4CNO0uY4vSS
amnJFUG4t+Oa00DKJdfQG1WCsQx7cfoX6URv7IYRwL9h/pXewROKxvzB/1oKzqelyhAAAA
wFEwjcFv9vB2SZGON/5BDSfNwcdWyU7U+dpj/31xarVNrcR9hUrJ7xoMJaCxHRmfqNkCaU
hXIxtVxNPv17Q0Z96G8OW7JzCgXQAGAtlzY9p29TKGE2cFeuoUKdEpLLr5IbYrh3PTjHYF
newNGqbOJAP+q/lDzea3C8K10/aEdYMKdNINAarD9J4W4HnqGln1OCrdpWNbHE8TDJCc1Z
wMEL/4DmwmUP07RWHE5h7C2KfvRae2+N+gRuMLAVVZCpsFwAAAAMEA/ZxWo9VSXRzhfeiW
SplkdQ82RTPIAQeu8z1utzbRDl23dvWcyHMpFCqCfWZ9FWO4wmxteFXbYU0TrKxHfqtypJ
GUTvjtlaeU7VeGJ2+rk6WNsEbe9ybkda+0S9OmgOkH6HHGGpvm61dA1NnRAE5SHfLG+pYN
VxQFgIQ5R+pCwdkMIUfLi8t0BTsMPrYvkrfUJ0HMVOLH/jgUdOqgHvc6Hp6f0tGSdruGaf
QcWmc2zEverU1gL5HCwBEC1grRm5mvAAAAwQD6wD3+MTqiXF0Yh4RelEIJIulqGynjxR5s
SwNa8H5DlsNSOdIGw54bKwr+RG3DsRiydU46dFYegg6Mc/no72XaP+s9AEdViDyDQbY+Sj
34t1Z+2idr/r6A/lrvWEJDunQwODguMwoZHu72JFH/SqJq7Ig4wt8eMOVVBLQE68tcvlDG
1fLJZOqcV2he5IllfhNP5gvokMnnObv5HF+IdTe+adQxoxJup8a6YTFhd4OscaJMyWW0Cf
CGzTQGHUOyj5sAAAAJcm9vdEBrYWxpAQI=
-----END OPENSSH PRIVATE KEY-----

-----BEGIN OPENSSH PRIVATE KEY-----
b3BlbnNzaC1rZXktdjEAAAAABG5vbmUAAAAEbm9uZQAAAAAAAAABAAAAaAAAABNlY2RzYS
1zaGEyLW5pc3RwMjU2AAAACG5pc3RwMjU2AAAAQQTZZgOL2CglSM37kUXD1gPbuyPxCGYN
t7IdmSnEmqUvQKxH+jRfnL/WSZbLaHp+vADnn01OURVvlD9Y7poZC9eAAAAAqH2Z+FJ9mf
hSAAAAE2VjZHNhLXNoYTItbmlzdHAyNTYAAAAIbmlzdHAyNTYAAABBBNlmA4vYKCVIzfuR
RcPWA9u7I/EIZg23sh2ZKcSapS9ArEf6NF+cv9ZJlstoen68AOefTU5RFW+UP1jumhkL14
AAAAAgCutfNRQDydvP0NUf5YgTGkKYE6uim5R12cMYkBnTzTMAAAAJcm9vdEBrYWxpAQID
BAUGBw==
-----END OPENSSH PRIVATE KEY-----

-----BEGIN OPENSSH PRIVATE KEY-----
b3BlbnNzaC1rZXktdjEAAAAABG5vbmUAAAAEbm9uZQAAAAAAAAABAAAAMwAAAAtzc2gtZW
QyNTUxOQAAACBYB/79VfRQzVO9gROP2Rr6hq2S2ENO/PdlWWd/eKSFcAAAAJBJq2VWSatl
VgAAAAtzc2gtZWQyNTUxOQAAACBYB/79VfRQzVO9gROP2Rr6hq2S2ENO/PdlWWd/eKSFcA
AAAEC9J2tdrnL6pwj8vu8+6rcC4H2a8QJeGvocmsuwvSc43VgH/v1V9FDNU72BE4/ZGvqG
rZLYQ07892VZZ394pIVwAAAACXJvb3RAa2FsaQECAwQ=
-----END OPENSSH PRIVATE KEY-----

-----BEGIN OPENSSH PRIVATE KEY-----
b3BlbnNzaC1rZXktdjEAAAAABG5vbmUAAAAEbm9uZQAAAAAAAAABAAABlwAAAAdzc2gtcn
NhAAAAAwEAAQAAAYEA+GkfRwu6b++99liwkP6GSqcz5tUJFf1Ru1eBMD3GN5daPgraVJ5B
kubG2yx6VKJekw6nLwGcy6ZBRz3vIBx+gMa393YQYpCi6QSpq91yaXQ+dB2sFA+FQAEZcA
N8DaMdbSOK8FD08bOJVHuivKRRBPPB+bmpQibxfrUxUgJuXQ3iq2e7lOmn53xO5Oq02vLr
/p4qFzfpPSTuh5gUYc5YOhfpQPNrNwtRFR+cnzyBeEf/PL3kf/DDmgAqj5nMMiPJdCmv06
BT0suo6TgSUfFJU3cOBTMgpJ2Gf0V2U5fNGT9a5+Ks7ss3sGiEP8aaRag9CZfHkMDMVyh1
cCfJix9ErLb7IH0fftSVOy6fIpiYp+iqXslZ2cILhRC7trKCN0QudAU92xnSZTDMAyrKGC
f5yF6+Mzk7ajv1FKgMTnNULSKHN78RDSLW6hwq3/XsjQYsNu8QMSD9bDeifQY1Erk5GHc4
nYbrATg8nzsWVt2DT0KzHBUBFBn1Mklvnd98vM31AAAFgF4IyV5eCMleAAAAB3NzaC1yc2
EAAAGBAPhpH0cLum/vvfZYsJD+hkqnM+bVCRX9UbtXgTA9xjeXWj4K2lSeQZLmxtsselSi
XpMOpy8BnMumQUc97yAcfoDGt/d2EGKQoukEqavdcml0PnQdrBQPhUABGXADfA2jHW0jiv
BQ9PGziVR7orykUQTzwfm5qUIm8X61MVICbl0N4qtnu5Tpp+d8TuTqtNry6/6eKhc36T0k
7oeYFGHOWDoX6UDzazcLURUfnJ88gXhH/zy95H/ww5oAKo+ZzDIjyXQpr9OgU9LLqOk4El
HxSVN3DgUzIKSdhn9FdlOXzRk/WufirO7LN7BohD/GmkWoPQmXx5DAzFcodXAnyYsfRKy2
+yB9H37UlTsunyKYmKfoql7JWdnCC4UQu7aygjdELnQFPdsZ0mUwzAMqyhgn+chevjM5O2
o79RSoDE5zVC0ihze/EQ0i1uocKt/17I0GLDbvEDEg/Ww3on0GNRK5ORh3OJ2G6wE4PJ87
Flbdg09CsxwVARQZ9TJJb53ffLzN9QAAAAMBAAEAAAGAAi653zv5x4+mmkDz3VugsHmQlF
hfgVThnUtfIlNrvbvVVAVwfKmL+fHBz3gKnwL2ADLQkIm/xY4vzmVP1edqL6g+IzNW8Fft
kECASNZg2+/YKFX9hp2k4P5mKXM/Kv+BWYLDgaUel6v6ZGwFLSK73aTubf/x1xlkAX8J85
oE/QskVZ5eCt2Uoh/vbNVqGfUZNkt75L++qrfvLdgMURzwwt5keV9fNRjkjUk0KHE40fyM
1HdOD+nmyu5SthbqRugPbFVHcEbCYmXOlW/nQ5SFn2ML2bW62Bpyogmh1mD2Djy8tknmoH
alzWzn9e8ulI8xj3bgoqTCXu4ZAfNaHLXGT39cRgPrR/4Smk8ByvrsOwiOYFVm9GAfU6J+
NV0YBD3n71vKkETsDpd1620c6Soh422EwvmYFahECxLoY2sMLm3lg2rctHW4CNO0uY4vSS
amnJFUG4t+Oa00DKJdfQG1WCsQx7cfoX6URv7IYRwL9h/pXewROKxvzB/1oKzqelyhAAAA
wFEwjcFv9vB2SZGON/5BDSfNwcdWyU7U+dpj/31xarVNrcR9hUrJ7xoMJaCxHRmfqNkCaU
hXIxtVxNPv17Q0Z96G8OW7JzCgXQAGAtlzY9p29TKGE2cFeuoUKdEpLLr5IbYrh3PTjHYF
newNGqbOJAP+q/lDzea3C8K10/aEdYMKdNINAarD9J4W4HnqGln1OCrdpWNbHE8TDJCc1Z
wMEL/4DmwmUP07RWHE5h7C2KfvRae2+N+gRuMLAVVZCpsFwAAAAMEA/ZxWo9VSXRzhfeiW
SplkdQ82RTPIAQeu8z1utzbRDl23dvWcyHMpFCqCfWZ9FWO4wmxteFXbYU0TrKxHfqtypJ
GUTvjtlaeU7VeGJ2+rk6WNsEbe9ybkda+0S9OmgOkH6HHGGpvm61dA1NnRAE5SHfLG+pYN
VxQFgIQ5R+pCwdkMIUfLi8t0BTsMPrYvkrfUJ0HMVOLH/jgUdOqgHvc6Hp6f0tGSdruGaf
QcWmc2zEverU1gL5HCwBEC1grRm5mvAAAAwQD6wD3+MTqiXF0Yh4RelEIJIulqGynjxR5s
SwNa8H5DlsNSOdIGw54bKwr+RG3DsRiydU46dFYegg6Mc/no72XaP+s9AEdViDyDQbY+Sj
34t1Z+2idr/r6A/lrvWEJDunQwODguMwoZHu72JFH/SqJq7Ig4wt8eMOVVBLQE68tcvlDG
1fLJZOqcV2he5IllfhNP5gvokMnnObv5HF+IdTe+adQxoxJup8a6YTFhd4OscaJMyWW0Cf
CGzTQGHUOyj5sAAAAJcm9vdEBrYWxpAQI=
-----END OPENSSH PRIVATE KEY-----

-----BEGIN OPENSSH PRIVATE KEY-----
b3BlbnNzaC1rZXktdjEAAAAABG5vbmUAAAAEbm9uZQAAAAAAAAABAAAAaAAAABNlY2RzYS
1zaGEyLW5pc3RwMjU2AAAACG5pc3RwMjU2AAAAQQTZZgOL2CglSM37kUXD1gPbuyPxCGYN
t7IdmSnEmqUvQKxH+jRfnL/WSZbLaHp+vADnn01OURVvlD9Y7poZC9eAAAAAqH2Z+FJ9mf
hSAAAAE2VjZHNhLXNoYTItbmlzdHAyNTYAAAAIbmlzdHAyNTYAAABBBNlmA4vYKCVIzfuR
RcPWA9u7I/EIZg23sh2ZKcSapS9ArEf6NF+cv9ZJlstoen68AOefTU5RFW+UP1jumhkL14
AAAAAgCutfNRQDydvP0NUf5YgTGkKYE6uim5R12cMYkBnTzTMAAAAJcm9vdEBrYWxpAQID
BAUGBw==
-----END OPENSSH PRIVATE KEY-----

-----BEGIN OPENSSH PRIVATE KEY-----
b3BlbnNzaC1rZXktdjEAAAAABG5vbmUAAAAEbm9uZQAAAAAAAAABAAAAMwAAAAtzc2gtZW
QyNTUxOQAAACBYB/79VfRQzVO9gROP2Rr6hq2S2ENO/PdlWWd/eKSFcAAAAJBJq2VWSatl
VgAAAAtzc2gtZWQyNTUxOQAAACBYB/79VfRQzVO9gROP2Rr6hq2S2ENO/PdlWWd/eKSFcA
AAAEC9J2tdrnL6pwj8vu8+6rcC4H2a8QJeGvocmsuwvSc43VgH/v1V9FDNU72BE4/ZGvqG
rZLYQ07892VZZ394pIVwAAAACXJvb3RAa2FsaQECAwQ=
-----END OPENSSH PRIVATE KEY-----

